#
# A fatal error has been detected by the Java Runtime Environment:
#
#  Internal Error (javaCalls.cpp:51), pid=3972, tid=0x00000000000002f0
#  guarantee(thread->is_Java_thread()) failed: crucial check - the VM thread cannot and must not escape to Java code
#
# JRE version: Java(TM) SE Runtime Environment (8.0_181-b13) (build 1.8.0_181-b13)
# Java VM: Java HotSpot(TM) 64-Bit Server VM (25.181-b13 mixed mode windows-amd64 compressed oops)
# Failed to write core dump. Minidumps are not enabled by default on client versions of Windows
#
# If you would like to submit a bug report, please visit:
#   http://bugreport.java.com/bugreport/crash.jsp
#

---------------  T H R E A D  ---------------

Current thread (0x0000000019808800):  VMThread [stack: 0x000000001a8c0000,0x000000001a9c0000] [id=752]

Stack: [0x000000001a8c0000,0x000000001a9c0000]
[error occurred during error reporting (printing stack bounds), id 0xc0000005]

Native frames: (J=compiled Java code, j=interpreted, Vv=VM code, C=native code)

VM_Operation (0x000000001b3ef300): GetOrSetLocal, mode: safepoint, requested by thread 0x000000001984c000


---------------  P R O C E S S  ---------------

Java Threads: ( => current thread )
  0x000000001c08e800 JavaThread "ReaderThread" [_thread_in_native, id=6524, stack(0x000000001c7f0000,0x000000001c8f0000)]
  0x000000001b743800 JavaThread "Service Thread" daemon [_thread_blocked, id=8344, stack(0x000000001bcf0000,0x000000001bdf0000)]
  0x000000001b715000 JavaThread "C1 CompilerThread2" daemon [_thread_blocked, id=19272, stack(0x000000001bbf0000,0x000000001bcf0000)]
  0x0000000019898000 JavaThread "C2 CompilerThread1" daemon [_thread_blocked, id=6520, stack(0x000000001baf0000,0x000000001bbf0000)]
  0x000000001986b000 JavaThread "C2 CompilerThread0" daemon [_thread_blocked, id=11280, stack(0x000000001b5f0000,0x000000001b6f0000)]
  0x000000001985e000 JavaThread "JDWP Command Reader" daemon [_thread_in_native, id=16764, stack(0x000000001b4f0000,0x000000001b5f0000)]
  0x000000001985b000 JavaThread "JDWP Event Helper Thread" daemon [_thread_blocked, id=16900, stack(0x000000001b3f0000,0x000000001b4f0000)]
  0x000000001984c000 JavaThread "JDWP Transport Listener: dt_socket" daemon [_thread_blocked, id=20324, stack(0x000000001b2f0000,0x000000001b3f0000)]
  0x0000000019840800 JavaThread "Attach Listener" daemon [_thread_blocked, id=3476, stack(0x000000001aeb0000,0x000000001afb0000)]
  0x000000001983f000 JavaThread "Signal Dispatcher" daemon [_thread_blocked, id=19696, stack(0x000000001adb0000,0x000000001aeb0000)]
  0x0000000019830000 JavaThread "Finalizer" daemon [_thread_blocked, id=14472, stack(0x000000001aac0000,0x000000001abc0000)]
  0x0000000004d45000 JavaThread "Reference Handler" daemon [_thread_blocked, id=19680, stack(0x000000001a9c0000,0x000000001aac0000)]
  0x0000000004c54000 JavaThread "main" [_thread_blocked, id=1768, stack(0x0000000004a90000,0x0000000004b90000)]

Other Threads:
=>0x0000000019808800 VMThread [stack: 0x000000001a8c0000,0x000000001a9c0000] [id=752]
  0x000000001b78f000 WatcherThread [stack: 0x000000001bdf0000,0x000000001bef0000] [id=10500]

VM state:at safepoint (normal execution)

VM Mutex/Monitor currently owned by a thread:  ([mutex/lock_event])
[0x0000000004c50dd0] Threads_lock - owner thread: 0x0000000019808800

Heap:
 PSYoungGen      total 37888K, used 25227K [0x00000000d6000000, 0x00000000d8a00000, 0x0000000100000000)
  eden space 32768K, 61% used [0x00000000d6000000,0x00000000d73a6e40,0x00000000d8000000)
  from space 5120K, 99% used [0x00000000d8000000,0x00000000d84fc1a0,0x00000000d8500000)
  to   space 5120K, 0% used [0x00000000d8500000,0x00000000d8500000,0x00000000d8a00000)
 ParOldGen       total 86016K, used 3158K [0x0000000082000000, 0x0000000087400000, 0x00000000d6000000)
  object space 86016K, 3% used [0x0000000082000000,0x0000000082315890,0x0000000087400000)
 Metaspace       used 13980K, capacity 14088K, committed 14336K, reserved 1062912K
  class space    used 1644K, capacity 1670K, committed 1792K, reserved 1048576K

Card table byte_map: [0x0000000014110000,0x0000000014510000] byte_map_base: 0x0000000013d00000

Marking Bits: (ParMarkBitMap*) 0x000000005b8b2d00
 Begin Bits: [0x0000000014bb0000, 0x0000000016b30000)
 End Bits:   [0x0000000016b30000, 0x0000000018ab0000)

Polling page: 0x0000000002e00000

CodeCache: size=245760Kb used=6121Kb max_used=6150Kb free=239638Kb
 bounds [0x0000000004d50000, 0x0000000005360000, 0x0000000013d50000]
 total_blobs=1857 nmethods=1484 adapters=293
 compilation: enabled

Compilation events (10 events):
Event: 1.899 Thread 0x000000001986b000 nmethod 1480 0x0000000005345750 code [0x00000000053458a0, 0x0000000005345978]
Event: 1.900 Thread 0x000000001b715000 1481       3       java.util.LinkedHashMap$LinkedValueIterator::next (8 bytes)
Event: 1.900 Thread 0x000000001b715000 nmethod 1481 0x0000000005344e10 code [0x0000000005344f80, 0x00000000053451a8]
Event: 1.901 Thread 0x000000001b715000 1482       3       java.nio.CharBuffer::arrayOffset (35 bytes)
Event: 1.901 Thread 0x000000001b715000 nmethod 1482 0x00000000053447d0 code [0x0000000005344960, 0x0000000005344c98]
Event: 1.902 Thread 0x000000001986b000 1483       4       java.util.HashMap::<init> (11 bytes)
Event: 1.902 Thread 0x000000001986b000 nmethod 1483 0x0000000005342e90 code [0x0000000005342fc0, 0x0000000005343018]
Event: 1.916 Thread 0x000000001b715000 1484       3       org.apache.xmlbeans.impl.values.JavaStringHolderEx::<init> (16 bytes)
Event: 1.916 Thread 0x000000001b715000 nmethod 1484 0x0000000005342590 code [0x0000000005342700, 0x0000000005342ad0]
Event: 1.953 Thread 0x0000000019898000 nmethod 1422 0x000000000534d050 code [0x000000000534d4c0, 0x0000000005351a78]

GC Heap History (2 events):
Event: 1.456 GC heap before
{Heap before GC invocations=1 (full 0):
 PSYoungGen      total 37888K, used 32768K [0x00000000d6000000, 0x00000000d8a00000, 0x0000000100000000)
  eden space 32768K, 100% used [0x00000000d6000000,0x00000000d8000000,0x00000000d8000000)
  from space 5120K, 0% used [0x00000000d8500000,0x00000000d8500000,0x00000000d8a00000)
  to   space 5120K, 0% used [0x00000000d8000000,0x00000000d8000000,0x00000000d8500000)
 ParOldGen       total 86016K, used 0K [0x0000000082000000, 0x0000000087400000, 0x00000000d6000000)
  object space 86016K, 0% used [0x0000000082000000,0x0000000082000000,0x0000000087400000)
 Metaspace       used 11884K, capacity 11958K, committed 12288K, reserved 1060864K
  class space    used 1399K, capacity 1427K, committed 1536K, reserved 1048576K
Event: 1.464 GC heap after
Heap after GC invocations=1 (full 0):
 PSYoungGen      total 37888K, used 5104K [0x00000000d6000000, 0x00000000d8a00000, 0x0000000100000000)
  eden space 32768K, 0% used [0x00000000d6000000,0x00000000d6000000,0x00000000d8000000)
  from space 5120K, 99% used [0x00000000d8000000,0x00000000d84fc1a0,0x00000000d8500000)
  to   space 5120K, 0% used [0x00000000d8500000,0x00000000d8500000,0x00000000d8a00000)
 ParOldGen       total 86016K, used 3158K [0x0000000082000000, 0x0000000087400000, 0x00000000d6000000)
  object space 86016K, 3% used [0x0000000082000000,0x0000000082315890,0x0000000087400000)
 Metaspace       used 11884K, capacity 11958K, committed 12288K, reserved 1060864K
  class space    used 1399K, capacity 1427K, committed 1536K, reserved 1048576K
}

Deoptimization events (10 events):
Event: 1.590 Thread 0x0000000004c54000 Uncommon trap: reason=unstable_if action=reinterpret pc=0x00000000051038fc method=org.apache.xmlbeans.impl.store.Cur.moveToNoCheck(Lorg/apache/xmlbeans/impl/store/Xobj;I)V @ 5
Event: 1.590 Thread 0x0000000004c54000 Uncommon trap: reason=unstable_if action=reinterpret pc=0x00000000050ee9fc method=org.apache.xmlbeans.impl.store.Cur.isNormal()Z @ 60
Event: 1.591 Thread 0x0000000004c54000 Uncommon trap: reason=unstable_if action=reinterpret pc=0x00000000050f3ba4 method=org.apache.xmlbeans.impl.store.Xobj.bitIsSet(I)Z @ 6
Event: 1.615 Thread 0x0000000004c54000 Uncommon trap: reason=unstable_if action=reinterpret pc=0x00000000050b7c48 method=org.apache.xmlbeans.impl.piccolo.util.CharStringConverter.convert([CII)Ljava/lang/String; @ 8
Event: 1.652 Thread 0x0000000004c54000 Uncommon trap: reason=class_check action=maybe_recompile pc=0x00000000050ca74c method=java.io.FilterInputStream.read([BII)I @ 7
Event: 1.652 Thread 0x0000000004c54000 Uncommon trap: reason=class_check action=maybe_recompile pc=0x00000000050ca74c method=java.io.FilterInputStream.read([BII)I @ 7
Event: 1.652 Thread 0x0000000004c54000 Uncommon trap: reason=class_check action=maybe_recompile pc=0x00000000050ca74c method=java.io.FilterInputStream.read([BII)I @ 7
Event: 1.652 Thread 0x0000000004c54000 Uncommon trap: reason=class_check action=maybe_recompile pc=0x00000000050ca74c method=java.io.FilterInputStream.read([BII)I @ 7
Event: 1.887 Thread 0x0000000004c54000 Uncommon trap: reason=unstable_if action=reinterpret pc=0x0000000004f6cbc0 method=java.util.HashMap.hash(Ljava/lang/Object;)I @ 1
Event: 1.897 Thread 0x0000000004c54000 Uncommon trap: reason=range_check action=make_not_entrant pc=0x000000000534540c method=sun.reflect.generics.parser.SignatureParser.current()C @ 34

Classes redefined (3 events):
Event: 43.475 Thread 0x0000000019808800 redefined class name=sanity.PrivatePractitionerTestCase, count=1
Event: 131.570 Thread 0x0000000019808800 redefined class name=sanity.PrivatePractitionerTestCase, count=2
Event: 288.241 Thread 0x0000000019808800 redefined class name=sanity.PrivatePractitionerTestCase, count=3

Internal exceptions (10 events):
Event: 1.266 Thread 0x0000000004c54000 Exception <a 'java/security/PrivilegedActionException'> (0x00000000d77d5150) thrown at [C:\re\workspace\8-2-build-windows-amd64-cygwin\jdk8u181\11358\hotspot\src\share\vm\prims\jvm.cpp, line 1435]
Event: 1.267 Thread 0x0000000004c54000 Exception <a 'java/security/PrivilegedActionException'> (0x00000000d77dc198) thrown at [C:\re\workspace\8-2-build-windows-amd64-cygwin\jdk8u181\11358\hotspot\src\share\vm\prims\jvm.cpp, line 1435]
Event: 1.267 Thread 0x0000000004c54000 Exception <a 'java/security/PrivilegedActionException'> (0x00000000d77dc778) thrown at [C:\re\workspace\8-2-build-windows-amd64-cygwin\jdk8u181\11358\hotspot\src\share\vm\prims\jvm.cpp, line 1435]
Event: 1.268 Thread 0x0000000004c54000 Exception <a 'java/security/PrivilegedActionException'> (0x00000000d77e3e78) thrown at [C:\re\workspace\8-2-build-windows-amd64-cygwin\jdk8u181\11358\hotspot\src\share\vm\prims\jvm.cpp, line 1435]
Event: 1.268 Thread 0x0000000004c54000 Exception <a 'java/security/PrivilegedActionException'> (0x00000000d77e4458) thrown at [C:\re\workspace\8-2-build-windows-amd64-cygwin\jdk8u181\11358\hotspot\src\share\vm\prims\jvm.cpp, line 1435]
Event: 1.268 Thread 0x0000000004c54000 Exception <a 'java/security/PrivilegedActionException'> (0x00000000d77eb900) thrown at [C:\re\workspace\8-2-build-windows-amd64-cygwin\jdk8u181\11358\hotspot\src\share\vm\prims\jvm.cpp, line 1435]
Event: 1.268 Thread 0x0000000004c54000 Exception <a 'java/security/PrivilegedActionException'> (0x00000000d77ebee0) thrown at [C:\re\workspace\8-2-build-windows-amd64-cygwin\jdk8u181\11358\hotspot\src\share\vm\prims\jvm.cpp, line 1435]
Event: 1.887 Thread 0x0000000004c54000 Implicit null exception at 0x0000000004f6c914 to 0x0000000004f6cba9
Event: 1.897 Thread 0x0000000004c54000 Exception <a 'java/lang/ArrayIndexOutOfBoundsException': 65> (0x00000000d7118988) thrown at [C:\re\workspace\8-2-build-windows-amd64-cygwin\jdk8u181\11358\hotspot\src\share\vm\interpreter\interpreterRuntime.cpp, line 366]
Event: 1.898 Thread 0x0000000004c54000 Exception <a 'java/lang/ArrayIndexOutOfBoundsException': 60> (0x00000000d711e420) thrown at [C:\re\workspace\8-2-build-windows-amd64-cygwin\jdk8u181\11358\hotspot\src\share\vm\interpreter\interpreterRuntime.cpp, line 366]

Events (10 events):
Event: 288.266 Executing VM operation: ChangeBreakpoints done
Event: 288.270 Executing VM operation: ChangeBreakpoints
Event: 288.271 Executing VM operation: ChangeBreakpoints done
Event: 288.276 Executing VM operation: ChangeBreakpoints
Event: 288.276 Executing VM operation: ChangeBreakpoints done
Event: 290.879 Executing VM operation: GetOwnedMonitorInfo
Event: 290.879 Executing VM operation: GetOwnedMonitorInfo done
Event: 290.879 Executing VM operation: GetCurrentContendedMonitor
Event: 290.879 Executing VM operation: GetCurrentContendedMonitor done
Event: 290.886 Executing VM operation: GetOrSetLocal


Dynamic libraries:
0x00007ff67f270000 - 0x00007ff67f2a7000 	C:\Program Files\Java\jre1.8.0_181\bin\javaw.exe
0x00007ffa2ca90000 - 0x00007ffa2cc70000 	C:\WINDOWS\SYSTEM32\ntdll.dll
0x00007ffa2a030000 - 0x00007ffa2a0de000 	C:\WINDOWS\System32\KERNEL32.DLL
0x00007ffa29110000 - 0x00007ffa29376000 	C:\WINDOWS\System32\KERNELBASE.dll
0x00007ffa2a8f0000 - 0x00007ffa2a991000 	C:\WINDOWS\System32\ADVAPI32.dll
0x00007ffa2a400000 - 0x00007ffa2a49d000 	C:\WINDOWS\System32\msvcrt.dll
0x00007ffa2a390000 - 0x00007ffa2a3eb000 	C:\WINDOWS\System32\sechost.dll
0x00007ffa2ad70000 - 0x00007ffa2ae8f000 	C:\WINDOWS\System32\RPCRT4.dll
0x00007ffa2aeb0000 - 0x00007ffa2b03f000 	C:\WINDOWS\System32\USER32.dll
0x00007ffa290f0000 - 0x00007ffa29110000 	C:\WINDOWS\System32\win32u.dll
0x00007ffa2ca20000 - 0x00007ffa2ca48000 	C:\WINDOWS\System32\GDI32.dll
0x00007ffa29b50000 - 0x00007ffa29ce3000 	C:\WINDOWS\System32\gdi32full.dll
0x00007ffa29cf0000 - 0x00007ffa29d8b000 	C:\WINDOWS\System32\msvcp_win.dll
0x00007ffa28ee0000 - 0x00007ffa28fd6000 	C:\WINDOWS\System32\ucrtbase.dll
0x00007ffa1ce50000 - 0x00007ffa1d0b9000 	C:\WINDOWS\WinSxS\amd64_microsoft.windows.common-controls_6595b64144ccf1df_6.0.16299.431_none_15c7d3ee93659e73\COMCTL32.dll
0x00007ffa2c710000 - 0x00007ffa2ca18000 	C:\WINDOWS\System32\combase.dll
0x00007ffa29380000 - 0x00007ffa293f2000 	C:\WINDOWS\System32\bcryptPrimitives.dll
0x00007ffa2c5c0000 - 0x00007ffa2c5ed000 	C:\WINDOWS\System32\IMM32.DLL
0x000000005b9f0000 - 0x000000005bac2000 	C:\Program Files\Java\jre1.8.0_181\bin\msvcr100.dll
0x000000005b090000 - 0x000000005b932000 	C:\Program Files\Java\jre1.8.0_181\bin\server\jvm.dll
0x00007ffa2ca50000 - 0x00007ffa2ca58000 	C:\WINDOWS\System32\PSAPI.DLL
0x00007ffa27060000 - 0x00007ffa27069000 	C:\WINDOWS\SYSTEM32\WSOCK32.dll
0x00007ffa2b110000 - 0x00007ffa2b17c000 	C:\WINDOWS\System32\WS2_32.dll
0x00007ffa271e0000 - 0x00007ffa27203000 	C:\WINDOWS\SYSTEM32\WINMM.dll
0x00007ffa1c310000 - 0x00007ffa1c31a000 	C:\WINDOWS\SYSTEM32\VERSION.dll
0x00007ffa26d20000 - 0x00007ffa26d4a000 	C:\WINDOWS\SYSTEM32\WINMMBASE.dll
0x00007ffa28e90000 - 0x00007ffa28eda000 	C:\WINDOWS\System32\cfgmgr32.dll
0x000000005b080000 - 0x000000005b08f000 	C:\Program Files\Java\jre1.8.0_181\bin\verify.dll
0x000000005b050000 - 0x000000005b079000 	C:\Program Files\Java\jre1.8.0_181\bin\java.dll
0x000000005ae80000 - 0x000000005aeb5000 	C:\Program Files\Java\jre1.8.0_181\bin\jdwp.dll
0x000000005ae70000 - 0x000000005ae78000 	C:\Program Files\Java\jre1.8.0_181\bin\npt.dll
0x000000005b030000 - 0x000000005b046000 	C:\Program Files\Java\jre1.8.0_181\bin\zip.dll
0x00007ffa2b180000 - 0x00007ffa2c5b8000 	C:\WINDOWS\System32\SHELL32.dll
0x00007ffa2ac60000 - 0x00007ffa2ad06000 	C:\WINDOWS\System32\shcore.dll
0x00007ffa29400000 - 0x00007ffa29b47000 	C:\WINDOWS\System32\windows.storage.dll
0x00007ffa2ad10000 - 0x00007ffa2ad61000 	C:\WINDOWS\System32\shlwapi.dll
0x00007ffa28e70000 - 0x00007ffa28e81000 	C:\WINDOWS\System32\kernel.appcore.dll
0x00007ffa28de0000 - 0x00007ffa28e2c000 	C:\WINDOWS\System32\powrprof.dll
0x00007ffa28e50000 - 0x00007ffa28e6b000 	C:\WINDOWS\System32\profapi.dll
0x000000005ae60000 - 0x000000005ae69000 	C:\Program Files\Java\jre1.8.0_181\bin\dt_socket.dll
0x00007ffa21790000 - 0x00007ffa217a6000 	C:\WINDOWS\system32\napinsp.dll
0x00007ffa217b0000 - 0x00007ffa217ca000 	C:\WINDOWS\system32\pnrpnsp.dll
0x00007ffa26f20000 - 0x00007ffa26f38000 	C:\WINDOWS\system32\NLAapi.dll
0x00007ffa28670000 - 0x00007ffa286d6000 	C:\WINDOWS\System32\mswsock.dll
0x00007ffa283e0000 - 0x00007ffa28496000 	C:\WINDOWS\SYSTEM32\DNSAPI.dll
0x00007ffa2a3f0000 - 0x00007ffa2a3f8000 	C:\WINDOWS\System32\NSI.dll
0x00007ffa283a0000 - 0x00007ffa283d9000 	C:\WINDOWS\SYSTEM32\IPHLPAPI.DLL
0x00007ffa217d0000 - 0x00007ffa217de000 	C:\WINDOWS\System32\winrnr.dll
0x00007ffa24550000 - 0x00007ffa245c0000 	C:\WINDOWS\System32\fwpuclnt.dll
0x00007ffa28940000 - 0x00007ffa28965000 	C:\WINDOWS\SYSTEM32\bcrypt.dll
0x00007ffa22bf0000 - 0x00007ffa22bfa000 	C:\Windows\System32\rasadhlp.dll
0x000000005b000000 - 0x000000005b01a000 	C:\Program Files\Java\jre1.8.0_181\bin\net.dll
0x00007ffa28830000 - 0x00007ffa28847000 	C:\WINDOWS\SYSTEM32\CRYPTSP.dll
0x00007ffa28210000 - 0x00007ffa28243000 	C:\WINDOWS\system32\rsaenh.dll
0x00007ffa28ce0000 - 0x00007ffa28d09000 	C:\WINDOWS\SYSTEM32\USERENV.dll
0x00007ffa28850000 - 0x00007ffa2885b000 	C:\WINDOWS\SYSTEM32\CRYPTBASE.dll
0x00007ffa24290000 - 0x00007ffa242a6000 	C:\WINDOWS\SYSTEM32\dhcpcsvc6.DLL
0x00007ffa24250000 - 0x00007ffa2426a000 	C:\WINDOWS\SYSTEM32\dhcpcsvc.DLL
0x000000005afe0000 - 0x000000005aff1000 	C:\Program Files\Java\jre1.8.0_181\bin\nio.dll

VM Arguments:
jvm_args: -agentlib:jdwp=transport=dt_socket,suspend=y,address=localhost:64028 -ea -Dfile.encoding=Cp1252 
java_command: org.testng.remote.RemoteTestNG -serport 64027 -protocol json -d C:\Users\sanket\git\HMS_NOV\hms\test-output C:\Users\sanket\AppData\Local\Temp\testng-eclipse--562003842\testng-customsuite.xml
java_class_path (initial): D:\SANKET DATA\Eclipse\eclipse\configuration\org.eclipse.osgi\1353\0\.cp\lib\testng-remote.jar;C:\Program Files\Java\jre1.8.0_181\lib\resources.jar;C:\Program Files\Java\jre1.8.0_181\lib\rt.jar;C:\Program Files\Java\jre1.8.0_181\lib\jsse.jar;C:\Program Files\Java\jre1.8.0_181\lib\jce.jar;C:\Program Files\Java\jre1.8.0_181\lib\charsets.jar;C:\Program Files\Java\jre1.8.0_181\lib\jfr.jar;C:\Program Files\Java\jre1.8.0_181\lib\ext\access-bridge-64.jar;C:\Program Files\Java\jre1.8.0_181\lib\ext\cldrdata.jar;C:\Program Files\Java\jre1.8.0_181\lib\ext\dnsns.jar;C:\Program Files\Java\jre1.8.0_181\lib\ext\jaccess.jar;C:\Program Files\Java\jre1.8.0_181\lib\ext\jfxrt.jar;C:\Program Files\Java\jre1.8.0_181\lib\ext\localedata.jar;C:\Program Files\Java\jre1.8.0_181\lib\ext\nashorn.jar;C:\Program Files\Java\jre1.8.0_181\lib\ext\sunec.jar;C:\Program Files\Java\jre1.8.0_181\lib\ext\sunjce_provider.jar;C:\Program Files\Java\jre1.8.0_181\lib\ext\sunmscapi.jar;C:\Program Files\Java\jre1.8.0_181\lib\ext\sunpkcs11.jar;C:\Program Files\Java\jre1.8.0_181\lib\ext\zipfs.jar;C:\Users\sanket\git\HMS_NOV\hms\target\classes;C:\Users\sanket\.m2\repository\junit\junit\3.8.1\junit-3.8.1.jar;C:\Users\sanket\.m2\repository\org\apache\poi\poi-ooxml\3.9\poi-ooxml-3.9.jar;C:\Users\sanket\.m2\repository\org\apache\poi\poi\3.9\poi-3.9.jar;C:\Users\sanket\.m2\repository\org\apache\poi\poi-ooxml-schemas\3.9\poi-ooxml-schemas-3.9.jar;C:\Users\sanket\.m2\repository\org\apache\xmlbeans\xmlbeans\2.3.0\xmlbeans-2.3.0.jar;C:\Users\sanket\.m2\repository\stax\stax-api\1.0.1\stax-api-1.0.1.jar;C:\Users\sanket\.m2\repository\dom4j\dom4j\1.6.1\dom4j-1.6.1.jar;C:\Users\sanket\.m2\repository\xml-apis\xml-apis\1.0.b2\xml-apis-1.0.b2.jar;C:\Users\sanket\.m2\repository\org\seleniumhq\selenium\selenium-java\3.11.0\selenium-java-3.11.0.jar;C:\Users\sanket\.m2\repository\org\seleniumhq\selenium\selenium-api\3.11.0\selenium-api-3.11.0.jar;C:\Users\sanket\.m2\repository\org\seleniumhq\selenium\selen
Launcher Type: SUN_STANDARD

Environment Variables:
JAVA_HOME=C:\Program Files\Java\jdk1.8.0_31
PATH=C:/Program Files/Java/jre1.8.0_181/bin/server;C:/Program Files/Java/jre1.8.0_181/bin;C:/Program Files/Java/jre1.8.0_181/lib/amd64;C:\Program Files (x86)\Common Files\Oracle\Java\javapath;C:\ProgramData\Oracle\Java\javapath;C:\WINDOWS\system32;C:\WINDOWS;C:\WINDOWS\System32\Wbem;C:\WINDOWS\System32\WindowsPowerShell\v1.0\;C:\Program Files\MySQL\MySQL Server 5.5\bin;C:\Program Files\Java\jre1.8.0_101\bin;C:\Program Files\Java\jdk1.8.0_101\bin;C:\Program Files\PuTTY\;C:\Program Files\Git\cmd;C:\Users\sanket\AppData\Local\Microsoft\WindowsApps;C:\adb;C:\apache-jmeter-3.3\bin;C:\Users\sanket\AppData\Local\Programs\Python\Python37\Scripts\;C:\Users\sanket\AppData\Local\Programs\Python\Python37\;C:\Users\sanket\Desktop;
USERNAME=sanket
OS=Windows_NT
PROCESSOR_IDENTIFIER=Intel64 Family 6 Model 60 Stepping 3, GenuineIntel



---------------  S Y S T E M  ---------------

OS: Windows 10.0 , 64 bit Build 16299 (10.0.16299.431)

CPU:total 4 (initial active 4) (2 cores per cpu, 2 threads per core) family 6 model 60 stepping 3, cmov, cx8, fxsr, mmx, sse, sse2, sse3, ssse3, sse4.1, sse4.2, popcnt, avx, avx2, aes, clmul, erms, lzcnt, ht, tsc, tscinvbit, bmi1, bmi2

Memory: 4k page, physical 8254472k(1425696k free), swap 13491912k(2409288k free)

vm_info: Java HotSpot(TM) 64-Bit Server VM (25.181-b13) for windows-amd64 JRE (1.8.0_181-b13), built on Jul  7 2018 04:01:33 by "java_re" with MS VC++ 10.0 (VS2010)

time: Wed Dec 05 12:49:11 2018
elapsed time: 290 seconds (0d 0h 4m 50s)

