#
# A fatal error has been detected by the Java Runtime Environment:
#
#  Internal Error (javaCalls.cpp:51), pid=17984, tid=0x0000000000003e30
#  guarantee(thread->is_Java_thread()) failed: crucial check - the VM thread cannot and must not escape to Java code
#
# JRE version: Java(TM) SE Runtime Environment (8.0_181-b13) (build 1.8.0_181-b13)
# Java VM: Java HotSpot(TM) 64-Bit Server VM (25.181-b13 mixed mode windows-amd64 compressed oops)
# Failed to write core dump. Minidumps are not enabled by default on client versions of Windows
#
# If you would like to submit a bug report, please visit:
#   http://bugreport.java.com/bugreport/crash.jsp
#

---------------  T H R E A D  ---------------

Current thread (0x0000000019aa8800):  VMThread [stack: 0x000000001ab40000,0x000000001ac40000] [id=15920]

Stack: [0x000000001ab40000,0x000000001ac40000]
[error occurred during error reporting (printing stack bounds), id 0xc0000005]

Native frames: (J=compiled Java code, j=interpreted, Vv=VM code, C=native code)

VM_Operation (0x000000001b66f290): GetOrSetLocal, mode: safepoint, requested by thread 0x0000000019aec000


---------------  P R O C E S S  ---------------

Java Threads: ( => current thread )
  0x000000001c289800 JavaThread "ReaderThread" [_thread_in_native, id=16412, stack(0x000000001ca70000,0x000000001cb70000)]
  0x000000001babd000 JavaThread "Service Thread" daemon [_thread_blocked, id=15240, stack(0x000000001bf70000,0x000000001c070000)]
  0x0000000019b0e800 JavaThread "C1 CompilerThread2" daemon [_thread_blocked, id=13708, stack(0x000000001be70000,0x000000001bf70000)]
  0x0000000019b0b000 JavaThread "C2 CompilerThread1" daemon [_thread_blocked, id=7212, stack(0x000000001b970000,0x000000001ba70000)]
  0x0000000019b09000 JavaThread "C2 CompilerThread0" daemon [_thread_blocked, id=13344, stack(0x000000001b870000,0x000000001b970000)]
  0x0000000019afc800 JavaThread "JDWP Command Reader" daemon [_thread_in_native, id=9480, stack(0x000000001b770000,0x000000001b870000)]
  0x0000000019afb000 JavaThread "JDWP Event Helper Thread" daemon [_thread_blocked, id=17904, stack(0x000000001b670000,0x000000001b770000)]
  0x0000000019aec000 JavaThread "JDWP Transport Listener: dt_socket" daemon [_thread_blocked, id=20360, stack(0x000000001b570000,0x000000001b670000)]
  0x0000000019ae0800 JavaThread "Attach Listener" daemon [_thread_blocked, id=20364, stack(0x000000001b130000,0x000000001b230000)]
  0x0000000019adf000 JavaThread "Signal Dispatcher" daemon [_thread_blocked, id=20212, stack(0x000000001b030000,0x000000001b130000)]
  0x0000000019aca000 JavaThread "Finalizer" daemon [_thread_blocked, id=6312, stack(0x000000001ad40000,0x000000001ae40000)]
  0x0000000004fe4000 JavaThread "Reference Handler" daemon [_thread_blocked, id=18060, stack(0x000000001ac40000,0x000000001ad40000)]
  0x0000000004ef4000 JavaThread "main" [_thread_blocked, id=764, stack(0x0000000004df0000,0x0000000004ef0000)]

Other Threads:
=>0x0000000019aa8800 VMThread [stack: 0x000000001ab40000,0x000000001ac40000] [id=15920]
  0x000000001bb07000 WatcherThread [stack: 0x000000001c070000,0x000000001c170000] [id=19512]

VM state:at safepoint (normal execution)

VM Mutex/Monitor currently owned by a thread:  ([mutex/lock_event])
[0x0000000004ef1a50] Threads_lock - owner thread: 0x0000000019aa8800

Heap:
 PSYoungGen      total 37888K, used 24774K [0x00000000d6000000, 0x00000000d8a00000, 0x0000000100000000)
  eden space 32768K, 60% used [0x00000000d6000000,0x00000000d7338700,0x00000000d8000000)
  from space 5120K, 99% used [0x00000000d8000000,0x00000000d84f93f8,0x00000000d8500000)
  to   space 5120K, 0% used [0x00000000d8500000,0x00000000d8500000,0x00000000d8a00000)
 ParOldGen       total 86016K, used 3154K [0x0000000082000000, 0x0000000087400000, 0x00000000d6000000)
  object space 86016K, 3% used [0x0000000082000000,0x0000000082314890,0x0000000087400000)
 Metaspace       used 13922K, capacity 14024K, committed 14336K, reserved 1062912K
  class space    used 1631K, capacity 1670K, committed 1792K, reserved 1048576K

Card table byte_map: [0x00000000143b0000,0x00000000147b0000] byte_map_base: 0x0000000013fa0000

Marking Bits: (ParMarkBitMap*) 0x000000005b8b2d00
 Begin Bits: [0x0000000014e50000, 0x0000000016dd0000)
 End Bits:   [0x0000000016dd0000, 0x0000000018d50000)

Polling page: 0x0000000003420000

CodeCache: size=245760Kb used=6143Kb max_used=6173Kb free=239616Kb
 bounds [0x0000000004ff0000, 0x0000000005600000, 0x0000000013ff0000]
 total_blobs=1860 nmethods=1487 adapters=293
 compilation: enabled

Compilation events (10 events):
Event: 1.696 Thread 0x0000000019b0e800 1486       3       java.nio.CharBuffer::arrayOffset (35 bytes)
Event: 1.696 Thread 0x0000000019b0e800 nmethod 1486 0x00000000055e5a10 code [0x00000000055e5ba0, 0x00000000055e5ed8]
Event: 1.699 Thread 0x0000000019b09000 nmethod 1404 0x00000000055ea4d0 code [0x00000000055ea680, 0x00000000055ebc58]
Event: 1.699 Thread 0x0000000019b09000 1483   !   4       sun.reflect.generics.parser.SignatureParser::current (40 bytes)
Event: 1.700 Thread 0x0000000019b09000 nmethod 1483 0x00000000055e7550 code [0x00000000055e7680, 0x00000000055e7758]
Event: 1.700 Thread 0x0000000019b09000 1479       4       java.util.HashMap::<init> (11 bytes)
Event: 1.700 Thread 0x0000000019b09000 nmethod 1479 0x00000000055d3410 code [0x00000000055d3540, 0x00000000055d3598]
Event: 1.705 Thread 0x0000000019b09000 1487       4       java.io.FilterInputStream::read (11 bytes)
Event: 1.706 Thread 0x0000000019b09000 nmethod 1487 0x00000000055e6f90 code [0x00000000055e70e0, 0x00000000055e71e8]
Event: 1.796 Thread 0x0000000019b0b000 nmethod 1434 0x00000000055f4490 code [0x00000000055f4920, 0x00000000055f9068]

GC Heap History (2 events):
Event: 1.222 GC heap before
{Heap before GC invocations=1 (full 0):
 PSYoungGen      total 37888K, used 32768K [0x00000000d6000000, 0x00000000d8a00000, 0x0000000100000000)
  eden space 32768K, 100% used [0x00000000d6000000,0x00000000d8000000,0x00000000d8000000)
  from space 5120K, 0% used [0x00000000d8500000,0x00000000d8500000,0x00000000d8a00000)
  to   space 5120K, 0% used [0x00000000d8000000,0x00000000d8000000,0x00000000d8500000)
 ParOldGen       total 86016K, used 0K [0x0000000082000000, 0x0000000087400000, 0x00000000d6000000)
  object space 86016K, 0% used [0x0000000082000000,0x0000000082000000,0x0000000087400000)
 Metaspace       used 11854K, capacity 11958K, committed 12288K, reserved 1060864K
  class space    used 1395K, capacity 1427K, committed 1536K, reserved 1048576K
Event: 1.230 GC heap after
Heap after GC invocations=1 (full 0):
 PSYoungGen      total 37888K, used 5092K [0x00000000d6000000, 0x00000000d8a00000, 0x0000000100000000)
  eden space 32768K, 0% used [0x00000000d6000000,0x00000000d6000000,0x00000000d8000000)
  from space 5120K, 99% used [0x00000000d8000000,0x00000000d84f93f8,0x00000000d8500000)
  to   space 5120K, 0% used [0x00000000d8500000,0x00000000d8500000,0x00000000d8a00000)
 ParOldGen       total 86016K, used 3154K [0x0000000082000000, 0x0000000087400000, 0x00000000d6000000)
  object space 86016K, 3% used [0x0000000082000000,0x0000000082314890,0x0000000087400000)
 Metaspace       used 11854K, capacity 11958K, committed 12288K, reserved 1060864K
  class space    used 1395K, capacity 1427K, committed 1536K, reserved 1048576K
}

Deoptimization events (10 events):
Event: 1.372 Thread 0x0000000004ef4000 Uncommon trap: reason=unstable_if action=reinterpret pc=0x00000000053b5774 method=org.apache.xmlbeans.impl.store.Cur.moveTo(Lorg/apache/xmlbeans/impl/store/Xobj;I)V @ 111
Event: 1.372 Thread 0x0000000004ef4000 Uncommon trap: reason=unstable_if action=reinterpret pc=0x00000000053a753c method=org.apache.xmlbeans.impl.store.Cur.moveToNoCheck(Lorg/apache/xmlbeans/impl/store/Xobj;I)V @ 5
Event: 1.372 Thread 0x0000000004ef4000 Uncommon trap: reason=unstable_if action=reinterpret pc=0x000000000539a17c method=org.apache.xmlbeans.impl.store.Cur.isNormal()Z @ 60
Event: 1.372 Thread 0x0000000004ef4000 Uncommon trap: reason=unstable_if action=reinterpret pc=0x000000000536ede4 method=org.apache.xmlbeans.impl.store.Xobj.bitIsSet(I)Z @ 6
Event: 1.397 Thread 0x0000000004ef4000 Uncommon trap: reason=unstable_if action=reinterpret pc=0x0000000005359ff8 method=org.apache.xmlbeans.impl.piccolo.util.CharStringConverter.convert([CII)Ljava/lang/String; @ 8
Event: 1.443 Thread 0x0000000004ef4000 Uncommon trap: reason=class_check action=maybe_recompile pc=0x000000000536698c method=java.io.FilterInputStream.read([BII)I @ 7
Event: 1.443 Thread 0x0000000004ef4000 Uncommon trap: reason=class_check action=maybe_recompile pc=0x000000000536698c method=java.io.FilterInputStream.read([BII)I @ 7
Event: 1.443 Thread 0x0000000004ef4000 Uncommon trap: reason=class_check action=maybe_recompile pc=0x000000000536698c method=java.io.FilterInputStream.read([BII)I @ 7
Event: 1.443 Thread 0x0000000004ef4000 Uncommon trap: reason=class_check action=maybe_recompile pc=0x000000000536698c method=java.io.FilterInputStream.read([BII)I @ 7
Event: 1.680 Thread 0x0000000004ef4000 Uncommon trap: reason=unstable_if action=reinterpret pc=0x0000000005216480 method=java.util.HashMap.hash(Ljava/lang/Object;)I @ 1

Classes redefined (2 events):
Event: 87.022 Thread 0x0000000019aa8800 redefined class name=sanity.PrivatePractitionerTestCase, count=1
Event: 243.651 Thread 0x0000000019aa8800 redefined class name=sanity.PrivatePractitionerTestCase, count=2

Internal exceptions (10 events):
Event: 1.025 Thread 0x0000000004ef4000 Exception <a 'java/security/PrivilegedActionException'> (0x00000000d77da0c8) thrown at [C:\re\workspace\8-2-build-windows-amd64-cygwin\jdk8u181\11358\hotspot\src\share\vm\prims\jvm.cpp, line 1435]
Event: 1.025 Thread 0x0000000004ef4000 Exception <a 'java/security/PrivilegedActionException'> (0x00000000d77e1110) thrown at [C:\re\workspace\8-2-build-windows-amd64-cygwin\jdk8u181\11358\hotspot\src\share\vm\prims\jvm.cpp, line 1435]
Event: 1.025 Thread 0x0000000004ef4000 Exception <a 'java/security/PrivilegedActionException'> (0x00000000d77e16f0) thrown at [C:\re\workspace\8-2-build-windows-amd64-cygwin\jdk8u181\11358\hotspot\src\share\vm\prims\jvm.cpp, line 1435]
Event: 1.026 Thread 0x0000000004ef4000 Exception <a 'java/security/PrivilegedActionException'> (0x00000000d77e8df0) thrown at [C:\re\workspace\8-2-build-windows-amd64-cygwin\jdk8u181\11358\hotspot\src\share\vm\prims\jvm.cpp, line 1435]
Event: 1.026 Thread 0x0000000004ef4000 Exception <a 'java/security/PrivilegedActionException'> (0x00000000d77e93d0) thrown at [C:\re\workspace\8-2-build-windows-amd64-cygwin\jdk8u181\11358\hotspot\src\share\vm\prims\jvm.cpp, line 1435]
Event: 1.026 Thread 0x0000000004ef4000 Exception <a 'java/security/PrivilegedActionException'> (0x00000000d77f0878) thrown at [C:\re\workspace\8-2-build-windows-amd64-cygwin\jdk8u181\11358\hotspot\src\share\vm\prims\jvm.cpp, line 1435]
Event: 1.026 Thread 0x0000000004ef4000 Exception <a 'java/security/PrivilegedActionException'> (0x00000000d77f0e58) thrown at [C:\re\workspace\8-2-build-windows-amd64-cygwin\jdk8u181\11358\hotspot\src\share\vm\prims\jvm.cpp, line 1435]
Event: 1.680 Thread 0x0000000004ef4000 Implicit null exception at 0x00000000052161d4 to 0x0000000005216469
Event: 1.691 Thread 0x0000000004ef4000 Exception <a 'java/lang/ArrayIndexOutOfBoundsException'> (0x00000000d711f850) thrown at [C:\re\workspace\8-2-build-windows-amd64-cygwin\jdk8u181\11358\hotspot\src\share\vm\runtime\sharedRuntime.cpp, line 605]
Event: 1.693 Thread 0x0000000004ef4000 Exception <a 'java/lang/ArrayIndexOutOfBoundsException'> (0x00000000d71252e8) thrown at [C:\re\workspace\8-2-build-windows-amd64-cygwin\jdk8u181\11358\hotspot\src\share\vm\runtime\sharedRuntime.cpp, line 605]

Events (10 events):
Event: 243.703 Executing VM operation: ChangeBreakpoints done
Event: 243.708 Executing VM operation: ChangeBreakpoints
Event: 243.709 Executing VM operation: ChangeBreakpoints done
Event: 243.715 Executing VM operation: ChangeBreakpoints
Event: 243.716 Executing VM operation: ChangeBreakpoints done
Event: 246.010 Executing VM operation: GetOwnedMonitorInfo
Event: 246.010 Executing VM operation: GetOwnedMonitorInfo done
Event: 246.010 Executing VM operation: GetCurrentContendedMonitor
Event: 246.010 Executing VM operation: GetCurrentContendedMonitor done
Event: 246.593 Executing VM operation: GetOrSetLocal


Dynamic libraries:
0x00007ff67f270000 - 0x00007ff67f2a7000 	C:\Program Files\Java\jre1.8.0_181\bin\javaw.exe
0x00007ffa2ca90000 - 0x00007ffa2cc70000 	C:\WINDOWS\SYSTEM32\ntdll.dll
0x00007ffa2a030000 - 0x00007ffa2a0de000 	C:\WINDOWS\System32\KERNEL32.DLL
0x00007ffa29110000 - 0x00007ffa29376000 	C:\WINDOWS\System32\KERNELBASE.dll
0x00007ffa2a8f0000 - 0x00007ffa2a991000 	C:\WINDOWS\System32\ADVAPI32.dll
0x00007ffa2a400000 - 0x00007ffa2a49d000 	C:\WINDOWS\System32\msvcrt.dll
0x00007ffa2a390000 - 0x00007ffa2a3eb000 	C:\WINDOWS\System32\sechost.dll
0x00007ffa2ad70000 - 0x00007ffa2ae8f000 	C:\WINDOWS\System32\RPCRT4.dll
0x00007ffa2aeb0000 - 0x00007ffa2b03f000 	C:\WINDOWS\System32\USER32.dll
0x00007ffa290f0000 - 0x00007ffa29110000 	C:\WINDOWS\System32\win32u.dll
0x00007ffa2ca20000 - 0x00007ffa2ca48000 	C:\WINDOWS\System32\GDI32.dll
0x00007ffa29b50000 - 0x00007ffa29ce3000 	C:\WINDOWS\System32\gdi32full.dll
0x00007ffa29cf0000 - 0x00007ffa29d8b000 	C:\WINDOWS\System32\msvcp_win.dll
0x00007ffa28ee0000 - 0x00007ffa28fd6000 	C:\WINDOWS\System32\ucrtbase.dll
0x00007ffa1ce50000 - 0x00007ffa1d0b9000 	C:\WINDOWS\WinSxS\amd64_microsoft.windows.common-controls_6595b64144ccf1df_6.0.16299.431_none_15c7d3ee93659e73\COMCTL32.dll
0x00007ffa2c710000 - 0x00007ffa2ca18000 	C:\WINDOWS\System32\combase.dll
0x00007ffa29380000 - 0x00007ffa293f2000 	C:\WINDOWS\System32\bcryptPrimitives.dll
0x00007ffa2c5c0000 - 0x00007ffa2c5ed000 	C:\WINDOWS\System32\IMM32.DLL
0x000000005b9f0000 - 0x000000005bac2000 	C:\Program Files\Java\jre1.8.0_181\bin\msvcr100.dll
0x000000005b090000 - 0x000000005b932000 	C:\Program Files\Java\jre1.8.0_181\bin\server\jvm.dll
0x00007ffa2ca50000 - 0x00007ffa2ca58000 	C:\WINDOWS\System32\PSAPI.DLL
0x00007ffa271e0000 - 0x00007ffa27203000 	C:\WINDOWS\SYSTEM32\WINMM.dll
0x00007ffa27060000 - 0x00007ffa27069000 	C:\WINDOWS\SYSTEM32\WSOCK32.dll
0x00007ffa1c310000 - 0x00007ffa1c31a000 	C:\WINDOWS\SYSTEM32\VERSION.dll
0x00007ffa2b110000 - 0x00007ffa2b17c000 	C:\WINDOWS\System32\WS2_32.dll
0x00007ffa26d20000 - 0x00007ffa26d4a000 	C:\WINDOWS\SYSTEM32\WINMMBASE.dll
0x00007ffa28e90000 - 0x00007ffa28eda000 	C:\WINDOWS\System32\cfgmgr32.dll
0x000000005b080000 - 0x000000005b08f000 	C:\Program Files\Java\jre1.8.0_181\bin\verify.dll
0x000000005b050000 - 0x000000005b079000 	C:\Program Files\Java\jre1.8.0_181\bin\java.dll
0x000000005ae80000 - 0x000000005aeb5000 	C:\Program Files\Java\jre1.8.0_181\bin\jdwp.dll
0x000000005ae70000 - 0x000000005ae78000 	C:\Program Files\Java\jre1.8.0_181\bin\npt.dll
0x000000005b030000 - 0x000000005b046000 	C:\Program Files\Java\jre1.8.0_181\bin\zip.dll
0x00007ffa2b180000 - 0x00007ffa2c5b8000 	C:\WINDOWS\System32\SHELL32.dll
0x00007ffa2ac60000 - 0x00007ffa2ad06000 	C:\WINDOWS\System32\shcore.dll
0x00007ffa29400000 - 0x00007ffa29b47000 	C:\WINDOWS\System32\windows.storage.dll
0x00007ffa2ad10000 - 0x00007ffa2ad61000 	C:\WINDOWS\System32\shlwapi.dll
0x00007ffa28e70000 - 0x00007ffa28e81000 	C:\WINDOWS\System32\kernel.appcore.dll
0x00007ffa28de0000 - 0x00007ffa28e2c000 	C:\WINDOWS\System32\powrprof.dll
0x00007ffa28e50000 - 0x00007ffa28e6b000 	C:\WINDOWS\System32\profapi.dll
0x000000005ae60000 - 0x000000005ae69000 	C:\Program Files\Java\jre1.8.0_181\bin\dt_socket.dll
0x00007ffa21790000 - 0x00007ffa217a6000 	C:\WINDOWS\system32\napinsp.dll
0x00007ffa217b0000 - 0x00007ffa217ca000 	C:\WINDOWS\system32\pnrpnsp.dll
0x00007ffa26f20000 - 0x00007ffa26f38000 	C:\WINDOWS\system32\NLAapi.dll
0x00007ffa28670000 - 0x00007ffa286d6000 	C:\WINDOWS\System32\mswsock.dll
0x00007ffa283e0000 - 0x00007ffa28496000 	C:\WINDOWS\SYSTEM32\DNSAPI.dll
0x00007ffa2a3f0000 - 0x00007ffa2a3f8000 	C:\WINDOWS\System32\NSI.dll
0x00007ffa283a0000 - 0x00007ffa283d9000 	C:\WINDOWS\SYSTEM32\IPHLPAPI.DLL
0x00007ffa217d0000 - 0x00007ffa217de000 	C:\WINDOWS\System32\winrnr.dll
0x00007ffa24550000 - 0x00007ffa245c0000 	C:\WINDOWS\System32\fwpuclnt.dll
0x00007ffa28940000 - 0x00007ffa28965000 	C:\WINDOWS\SYSTEM32\bcrypt.dll
0x00007ffa22bf0000 - 0x00007ffa22bfa000 	C:\Windows\System32\rasadhlp.dll
0x000000005b000000 - 0x000000005b01a000 	C:\Program Files\Java\jre1.8.0_181\bin\net.dll
0x00007ffa28830000 - 0x00007ffa28847000 	C:\WINDOWS\SYSTEM32\CRYPTSP.dll
0x00007ffa28210000 - 0x00007ffa28243000 	C:\WINDOWS\system32\rsaenh.dll
0x00007ffa28ce0000 - 0x00007ffa28d09000 	C:\WINDOWS\SYSTEM32\USERENV.dll
0x00007ffa28850000 - 0x00007ffa2885b000 	C:\WINDOWS\SYSTEM32\CRYPTBASE.dll
0x00007ffa24290000 - 0x00007ffa242a6000 	C:\WINDOWS\SYSTEM32\dhcpcsvc6.DLL
0x00007ffa24250000 - 0x00007ffa2426a000 	C:\WINDOWS\SYSTEM32\dhcpcsvc.DLL
0x000000005afe0000 - 0x000000005aff1000 	C:\Program Files\Java\jre1.8.0_181\bin\nio.dll

VM Arguments:
jvm_args: -agentlib:jdwp=transport=dt_socket,suspend=y,address=localhost:64114 -ea -Dfile.encoding=Cp1252 
java_command: org.testng.remote.RemoteTestNG -serport 64113 -protocol json -d C:\Users\sanket\git\HMS_NOV\hms\test-output C:\Users\sanket\AppData\Local\Temp\testng-eclipse-1433901597\testng-customsuite.xml
java_class_path (initial): D:\SANKET DATA\Eclipse\eclipse\configuration\org.eclipse.osgi\1353\0\.cp\lib\testng-remote.jar;C:\Program Files\Java\jre1.8.0_181\lib\resources.jar;C:\Program Files\Java\jre1.8.0_181\lib\rt.jar;C:\Program Files\Java\jre1.8.0_181\lib\jsse.jar;C:\Program Files\Java\jre1.8.0_181\lib\jce.jar;C:\Program Files\Java\jre1.8.0_181\lib\charsets.jar;C:\Program Files\Java\jre1.8.0_181\lib\jfr.jar;C:\Program Files\Java\jre1.8.0_181\lib\ext\access-bridge-64.jar;C:\Program Files\Java\jre1.8.0_181\lib\ext\cldrdata.jar;C:\Program Files\Java\jre1.8.0_181\lib\ext\dnsns.jar;C:\Program Files\Java\jre1.8.0_181\lib\ext\jaccess.jar;C:\Program Files\Java\jre1.8.0_181\lib\ext\jfxrt.jar;C:\Program Files\Java\jre1.8.0_181\lib\ext\localedata.jar;C:\Program Files\Java\jre1.8.0_181\lib\ext\nashorn.jar;C:\Program Files\Java\jre1.8.0_181\lib\ext\sunec.jar;C:\Program Files\Java\jre1.8.0_181\lib\ext\sunjce_provider.jar;C:\Program Files\Java\jre1.8.0_181\lib\ext\sunmscapi.jar;C:\Program Files\Java\jre1.8.0_181\lib\ext\sunpkcs11.jar;C:\Program Files\Java\jre1.8.0_181\lib\ext\zipfs.jar;C:\Users\sanket\git\HMS_NOV\hms\target\classes;C:\Users\sanket\.m2\repository\junit\junit\3.8.1\junit-3.8.1.jar;C:\Users\sanket\.m2\repository\org\apache\poi\poi-ooxml\3.9\poi-ooxml-3.9.jar;C:\Users\sanket\.m2\repository\org\apache\poi\poi\3.9\poi-3.9.jar;C:\Users\sanket\.m2\repository\org\apache\poi\poi-ooxml-schemas\3.9\poi-ooxml-schemas-3.9.jar;C:\Users\sanket\.m2\repository\org\apache\xmlbeans\xmlbeans\2.3.0\xmlbeans-2.3.0.jar;C:\Users\sanket\.m2\repository\stax\stax-api\1.0.1\stax-api-1.0.1.jar;C:\Users\sanket\.m2\repository\dom4j\dom4j\1.6.1\dom4j-1.6.1.jar;C:\Users\sanket\.m2\repository\xml-apis\xml-apis\1.0.b2\xml-apis-1.0.b2.jar;C:\Users\sanket\.m2\repository\org\seleniumhq\selenium\selenium-java\3.11.0\selenium-java-3.11.0.jar;C:\Users\sanket\.m2\repository\org\seleniumhq\selenium\selenium-api\3.11.0\selenium-api-3.11.0.jar;C:\Users\sanket\.m2\repository\org\seleniumhq\selenium\selen
Launcher Type: SUN_STANDARD

Environment Variables:
JAVA_HOME=C:\Program Files\Java\jdk1.8.0_31
PATH=C:/Program Files/Java/jre1.8.0_181/bin/server;C:/Program Files/Java/jre1.8.0_181/bin;C:/Program Files/Java/jre1.8.0_181/lib/amd64;C:\Program Files (x86)\Common Files\Oracle\Java\javapath;C:\ProgramData\Oracle\Java\javapath;C:\WINDOWS\system32;C:\WINDOWS;C:\WINDOWS\System32\Wbem;C:\WINDOWS\System32\WindowsPowerShell\v1.0\;C:\Program Files\MySQL\MySQL Server 5.5\bin;C:\Program Files\Java\jre1.8.0_101\bin;C:\Program Files\Java\jdk1.8.0_101\bin;C:\Program Files\PuTTY\;C:\Program Files\Git\cmd;C:\Users\sanket\AppData\Local\Microsoft\WindowsApps;C:\adb;C:\apache-jmeter-3.3\bin;C:\Users\sanket\AppData\Local\Programs\Python\Python37\Scripts\;C:\Users\sanket\AppData\Local\Programs\Python\Python37\;C:\Users\sanket\Desktop;
USERNAME=sanket
OS=Windows_NT
PROCESSOR_IDENTIFIER=Intel64 Family 6 Model 60 Stepping 3, GenuineIntel



---------------  S Y S T E M  ---------------

OS: Windows 10.0 , 64 bit Build 16299 (10.0.16299.431)

CPU:total 4 (initial active 4) (2 cores per cpu, 2 threads per core) family 6 model 60 stepping 3, cmov, cx8, fxsr, mmx, sse, sse2, sse3, ssse3, sse4.1, sse4.2, popcnt, avx, avx2, aes, clmul, erms, lzcnt, ht, tsc, tscinvbit, bmi1, bmi2

Memory: 4k page, physical 8254472k(1570428k free), swap 13491912k(2914988k free)

vm_info: Java HotSpot(TM) 64-Bit Server VM (25.181-b13) for windows-amd64 JRE (1.8.0_181-b13), built on Jul  7 2018 04:01:33 by "java_re" with MS VC++ 10.0 (VS2010)

time: Wed Dec 05 12:49:12 2018
elapsed time: 246 seconds (0d 0h 4m 6s)

